<?xml version="1.0" encoding="UTF-8"?>
<!-- Generated by org.testng.reporters.JUnitReportReporter -->
<testsuite skipped="0" hostname="DESKTOP-6PD0BS4" name="Ecommerce.youGo.ChapterOneTest" tests="1" failures="0" timestamp="24 Sep 2020 09:15:57 GMT" time="15.751" errors="0">
  <testcase name="chapterOneParamter" time="15.751" classname="Ecommerce.youGo.ChapterOneTest"/>
</testsuite> <!-- Ecommerce.youGo.ChapterOneTest -->
