<?xml version="1.0" encoding="UTF-8"?>
<!-- Generated by org.testng.reporters.JUnitReportReporter -->
<testsuite skipped="0" hostname="DESKTOP-6PD0BS4" name="Ecommerce.youGo.HomePageTest" tests="2" failures="0" timestamp="20 Sep 2020 09:39:50 GMT" time="28.836" errors="0">
  <testcase name="textSearch" time="15.083" classname="Ecommerce.youGo.HomePageTest"/>
  <testcase name="searchProduct" time="13.753" classname="Ecommerce.youGo.HomePageTest"/>
</testsuite> <!-- Ecommerce.youGo.HomePageTest -->
