<?xml version="1.0" encoding="UTF-8"?>
<!-- Generated by org.testng.reporters.JUnitReportReporter -->
<testsuite skipped="0" hostname="DESKTOP-6PD0BS4" name="emp.attendence.LoginTest" tests="1" failures="0" timestamp="2020-09-24T15:22:38 EEST" time="36.677" errors="0">
  <testcase name="login" time="36.677" classname="emp.attendence.LoginTest"/>
  <system-out/>
</testsuite> <!-- emp.attendence.LoginTest -->
